wandb: Currently logged in as: hangjoo (use `wandb login --relogin` to force relogin)
[Session Log] MODEL Configs:
[Session Log] 	 ARCHITECTURE_TYPE: default
[Session Log] 	 MODEL_TYPE: Electra
[Session Log] 	 MODEL_NAME: monologg/koelectra-base-v3-discriminator
[Session Log] DATA Configs:
[Session Log] 	 DATA_VER: train
[Session Log] SESSION Configs:
[Session Log] 	 EPOCH_NUM: 10
[Session Log] 	 BATCH_SIZE: 64
[Session Log] 	 BACKBONE_LEARNING_RATE: 5e-05
[Session Log] 	 CLASSIFIER_LEARNING_RATE: 0.001
[Session Log] 	 INPUT_MAX_LEN: 256
[Session Log] 	 K_FOLD_NUM: 5
[Session Log] 	 CRITERION_NAME: FocalLoss
[Session Log] 	 CRITERION_PARAMS: {}
[Session Log] 	 OPTIMIZER_NAME: AdamW
[Session Log] 	 OPTIMIZER_PARAMS: {}
[Session Log] 	 SCHEDULER_NAME: cosine_schedule_with_warmup
[Session Log] 	 SCHEDULER_PARAMS: {'WARMUP_RATIO': 0.01}
